[demo.w3layouts.com/demos_new/template_demo/20-10-2017/c_resume-demo_Free/760142481/web/index.html]
[backblue.gif]
[fade.gif]
[index.html]
[demo.w3layouts.com/demos_new/template_demo/20-10-2017/c_resume-demo_Free/760142481/web/css/font-awesome.min.css]
[demo.w3layouts.com/demos_new/template_demo/20-10-2017/c_resume-demo_Free/760142481/web/css/style.css]
[demo.w3layouts.com/demos_new/template_demo/20-10-2017/c_resume-demo_Free/760142481/web/css/bootstrap.min.css]
[demo.w3layouts.com/demos_new/template_demo/20-10-2017/c_resume-demo_Free/760142481/web/js/jquery-2.1.4.min.js]
[ajax.googleapis.com/ajax/libs/jquery/1.10.2/jquery.min.js]
[demo.w3layouts.com/demos_new/template_demo/20-10-2017/c_resume-demo_Free/760142481/web/js/bootstrap.min.js]
[m.servedby-buysellads.com/monetization.js]
[codefund.io/properties/441/funder.js]
[demo.w3layouts.com/js/autotrack.js]
[demo.w3layouts.com/images/demobar_w3_4thDec2019.css]
[demo.w3layouts.com/demos_new/template_demo/20-10-2017/c_resume-demo_Free/760142481/web/images/ban661.jpg]
[demo.w3layouts.com/demos_new/template_demo/20-10-2017/c_resume-demo_Free/760142481/web/images/ab5.jpg]
[demo.w3layouts.com/demos_new/template_demo/20-10-2017/c_resume-demo_Free/760142481/web/images/ab7.jpg]
[demo.w3layouts.com/demos_new/template_demo/20-10-2017/c_resume-demo_Free/760142481/web/images/g1.jpg]
[demo.w3layouts.com/demos_new/template_demo/20-10-2017/c_resume-demo_Free/760142481/web/images/g2.jpg]
[demo.w3layouts.com/demos_new/template_demo/20-10-2017/c_resume-demo_Free/760142481/web/images/g31.jpg]
[demo.w3layouts.com/demos_new/template_demo/20-10-2017/c_resume-demo_Free/760142481/web/images/g4.jpg]
[demo.w3layouts.com/demos_new/template_demo/20-10-2017/c_resume-demo_Free/760142481/web/images/g5.jpg]
[demo.w3layouts.com/demos_new/template_demo/20-10-2017/c_resume-demo_Free/760142481/web/images/g6.jpg]
[demo.w3layouts.com/demos_new/template_demo/20-10-2017/c_resume-demo_Free/760142481/web/images/g7.jpg]
[demo.w3layouts.com/demos_new/template_demo/20-10-2017/c_resume-demo_Free/760142481/web/images/g8.jpg]
[demo.w3layouts.com/demos_new/template_demo/20-10-2017/c_resume-demo_Free/760142481/web/images/g9.jpg]
[demo.w3layouts.com/demos_new/template_demo/20-10-2017/c_resume-demo_Free/760142481/web/images/gal11.jpg]
[demo.w3layouts.com/demos_new/template_demo/20-10-2017/c_resume-demo_Free/760142481/web/images/gal22.jpg]
[demo.w3layouts.com/demos_new/template_demo/20-10-2017/c_resume-demo_Free/760142481/web/images/gal33.jpg]
[demo.w3layouts.com/demos_new/template_demo/20-10-2017/c_resume-demo_Free/760142481/web/images/gal44.jpg]
[demo.w3layouts.com/demos_new/template_demo/20-10-2017/c_resume-demo_Free/760142481/web/images/gal66.jpg]
[demo.w3layouts.com/demos_new/template_demo/20-10-2017/c_resume-demo_Free/760142481/web/images/gal61.jpg]
[demo.w3layouts.com/demos_new/template_demo/20-10-2017/c_resume-demo_Free/760142481/web/images/gal77.jpg]
[demo.w3layouts.com/demos_new/template_demo/20-10-2017/c_resume-demo_Free/760142481/web/images/gal88.jpg]
[demo.w3layouts.com/demos_new/template_demo/20-10-2017/c_resume-demo_Free/760142481/web/images/gal99.jpg]
[demo.w3layouts.com/demos_new/template_demo/20-10-2017/c_resume-demo_Free/760142481/web/js/jquery.filterizr.js]
[demo.w3layouts.com/demos_new/template_demo/20-10-2017/c_resume-demo_Free/760142481/web/js/bars.js]
[demo.w3layouts.com/demos_new/template_demo/20-10-2017/c_resume-demo_Free/760142481/web/js/SmoothScroll.min.js]
[demo.w3layouts.com/demos_new/template_demo/20-10-2017/c_resume-demo_Free/760142481/web/js/jquery.transit.js]
[demo.w3layouts.com/demos_new/template_demo/20-10-2017/c_resume-demo_Free/760142481/web/js/jquery.textFx.js]
[demo.w3layouts.com/demos_new/template_demo/20-10-2017/c_resume-demo_Free/760142481/web/js/modernizr.js]
[demo.w3layouts.com/demos_new/template_demo/20-10-2017/c_resume-demo_Free/760142481/web/js/menu.js]
[demo.w3layouts.com/demos_new/template_demo/20-10-2017/c_resume-demo_Free/760142481/web/js/move-top.js]
[demo.w3layouts.com/demos_new/template_demo/20-10-2017/c_resume-demo_Free/760142481/web/index.html]
[demo.w3layouts.com/demos_new/template_demo/20-10-2017/c_resume-demo_Free/760142481/web/js/easing.js]
[demo.w3layouts.com/demos_new/template_demo/20-10-2017/c_resume-demo_Free/760142481/web/fonts/fontawesome-webfont5b62.eot]
[demo.w3layouts.com/demos_new/template_demo/20-10-2017/c_resume-demo_Free/760142481/web/fonts/fontawesome-webfont5b62.woff2]
[demo.w3layouts.com/demos_new/template_demo/20-10-2017/c_resume-demo_Free/760142481/web/fonts/fontawesome-webfontd41d.eot]
[demo.w3layouts.com/demos_new/template_demo/20-10-2017/c_resume-demo_Free/760142481/web/fonts/fontawesome-webfont5b62.woff]
[demo.w3layouts.com/demos_new/template_demo/20-10-2017/c_resume-demo_Free/760142481/web/fonts/fontawesome-webfont5b62.ttf]
[demo.w3layouts.com/demos_new/template_demo/20-10-2017/c_resume-demo_Free/760142481/web/fonts/fontawesome-webfont5b62.svg]
[demo.w3layouts.com/demos_new/template_demo/20-10-2017/c_resume-demo_Free/760142481/web/css/font-awesome.min.css]
[demo.w3layouts.com/demos_new/template_demo/20-10-2017/c_resume-demo_Free/760142481/web/images/ban6666.jpg]
[demo.w3layouts.com/demos_new/template_demo/20-10-2017/c_resume-demo_Free/760142481/web/images/dott.png]
[demo.w3layouts.com/demos_new/template_demo/20-10-2017/c_resume-demo_Free/760142481/web/images/skill2.jpg]
[demo.w3layouts.com/demos_new/template_demo/20-10-2017/c_resume-demo_Free/760142481/web/images/c2.jpg]
[demo.w3layouts.com/demos_new/template_demo/20-10-2017/c_resume-demo_Free/760142481/web/images/arrow.png]
[demo.w3layouts.com/demos_new/template_demo/20-10-2017/c_resume-demo_Free/760142481/web/css/style.css]
[demo.w3layouts.com/demos_new/template_demo/20-10-2017/c_resume-demo_Free/760142481/web/fonts/glyphicons-halflings-regular.eot]
[demo.w3layouts.com/demos_new/template_demo/20-10-2017/c_resume-demo_Free/760142481/web/fonts/glyphicons-halflings-regulard41d.eot]
[demo.w3layouts.com/demos_new/template_demo/20-10-2017/c_resume-demo_Free/760142481/web/fonts/glyphicons-halflings-regular.woff2]
[demo.w3layouts.com/demos_new/template_demo/20-10-2017/c_resume-demo_Free/760142481/web/fonts/glyphicons-halflings-regular.woff]
[demo.w3layouts.com/demos_new/template_demo/20-10-2017/c_resume-demo_Free/760142481/web/fonts/glyphicons-halflings-regular.ttf]
[demo.w3layouts.com/demos_new/template_demo/20-10-2017/c_resume-demo_Free/760142481/web/fonts/glyphicons-halflings-regular.svg]
[demo.w3layouts.com/demos_new/template_demo/20-10-2017/c_resume-demo_Free/760142481/web/css/bootstrap.min.css]
[demo.w3layouts.com/images/W3Layouts-light.html]
[demo.w3layouts.com/images/demobar_w3_4thDec2019.css]
[demo.w3layouts.com/demos_new/template_demo/20-10-2017/c_resume-demo_Free/760142481/web/images/gal61.html]
[demo.w3layouts.com/demos_new/template_demo/20-10-2017/c_resume-demo_Free/760142481/web/fonts/fontawesome-webfont5b62.html]
[demo.w3layouts.com/demos_new/template_demo/20-10-2017/c_resume-demo_Free/760142481/web/fonts/glyphicons-halflings-regular.html]
[demo.w3layouts.com/assets/css/fonts/linecons/css/linecons.html]
[demo.w3layouts.com/assets/css/fonts/fontawesome/css/font-awesome.min.html]
[demo.w3layouts.com/assets/css/bootstrap.html]
[demo.w3layouts.com/assets/css/xenon-core.html]
[demo.w3layouts.com/assets/css/xenon-forms.html]
[demo.w3layouts.com/assets/css/xenon-components.html]
[demo.w3layouts.com/assets/css/xenon-skins.html]
[demo.w3layouts.com/assets/css/custom.html]
[demo.w3layouts.com/assets/js/jquery-1.11.1.min.html]
[demo.w3layouts.com/assets/js/bootstrap.min.html]
[demo.w3layouts.com/assets/js/TweenMax.min.html]
[demo.w3layouts.com/assets/js/resizeable.html]
[demo.w3layouts.com/assets/js/joinable.html]
[demo.w3layouts.com/assets/js/xenon-api.html]
[demo.w3layouts.com/assets/js/xenon-toggles.html]
[demo.w3layouts.com/assets/js/xenon-custom.html]
[demo.w3layouts.com/images/W3Layouts-light.html]
[demo.w3layouts.com/assets/css/fonts/linecons/css/linecons.html]
[demo.w3layouts.com/assets/css/fonts/fontawesome/css/font-awesome.min.html]
[demo.w3layouts.com/assets/css/bootstrap.html]
[demo.w3layouts.com/assets/css/xenon-core.html]
[demo.w3layouts.com/assets/css/xenon-forms.html]
[demo.w3layouts.com/assets/css/xenon-components.html]
[demo.w3layouts.com/assets/css/xenon-skins.html]
[demo.w3layouts.com/assets/css/custom.html]
[demo.w3layouts.com/assets/js/jquery-1.11.1.min.html]
[demo.w3layouts.com/assets/js/bootstrap.min.html]
[demo.w3layouts.com/assets/js/TweenMax.min.html]
[demo.w3layouts.com/assets/js/resizeable.html]
[demo.w3layouts.com/assets/js/joinable.html]
[demo.w3layouts.com/assets/js/xenon-api.html]
[demo.w3layouts.com/assets/js/xenon-toggles.html]
[demo.w3layouts.com/assets/js/xenon-custom.html]
